<?xml version="1.0" encoding="UTF-8"?>
<!-- Generated by org.testng.reporters.JUnitReportReporter -->
<testsuite hostname="LAPTOP-6H9LFFUF" failures="0" tests="2" name="MavProj.SeleniumTest2" time="0.008" errors="0" timestamp="2021-07-30T17:39:37 IST" skipped="0">
  <testcase classname="MavProj.SeleniumTest2" name="ElementsUI" time="0.002"/>
  <system-out/>
  <testcase classname="MavProj.SeleniumTest2" name="BrowserTest" time="0.006"/>
  <system-out/>
</testsuite> <!-- MavProj.SeleniumTest2 -->
