<?xml version="1.0" encoding="UTF-8"?>
<!-- Generated by org.testng.reporters.JUnitReportReporter -->
<testsuite hostname="LAPTOP-6H9LFFUF" failures="0" tests="1" name="MavProj.AppiumTest" time="0.008" errors="0" timestamp="2021-07-30T17:45:04 IST" skipped="0">
  <testcase classname="MavProj.AppiumTest" name="IOSApp" time="0.008"/>
  <system-out/>
</testsuite> <!-- MavProj.AppiumTest -->
