<?xml version="1.0" encoding="UTF-8"?>
<!-- Generated by org.testng.reporters.JUnitReportReporter -->
<testsuite hostname="LAPTOP-6H9LFFUF" failures="0" tests="1" name="MavProj.RestAssured" time="0.002" errors="0" timestamp="2021-07-30T17:44:36 IST" skipped="0">
  <testcase classname="MavProj.RestAssured" name="DeleteTwitter" time="0.002"/>
  <system-out/>
</testsuite> <!-- MavProj.RestAssured -->
