<?xml version="1.0" encoding="UTF-8"?>
<!-- Generated by org.testng.reporters.JUnitReportReporter -->
<testsuite hostname="LAPTOP-6H9LFFUF" failures="0" tests="2" name="MavProj.SeleniumTest" time="0.002" errors="0" timestamp="2021-07-30T17:34:39 IST" skipped="0">
  <testcase classname="MavProj.SeleniumTest" name="BrowserTest" time="0.001"/>
  <system-out/>
  <testcase classname="MavProj.SeleniumTest" name="ElementsUI" time="0.001"/>
  <system-out/>
</testsuite> <!-- MavProj.SeleniumTest -->
