<?xml version="1.0" encoding="UTF-8"?>
<!-- Generated by org.testng.reporters.JUnitReportReporter -->
<testsuite ignored="0" hostname="LAPTOP-6H9LFFUF" failures="0" tests="2" name="MavProj.AppiumTest" time="0.019" errors="0" timestamp="30 Jul 2021 12:03:29 GMT" skipped="0">
  <testcase classname="MavProj.AppiumTest" name="IOSApp" time="0.018"/>
  <testcase classname="MavProj.AppiumTest" name="NativeAppAndroid" time="0.001"/>
</testsuite> <!-- MavProj.AppiumTest -->
