<?xml version="1.0" encoding="UTF-8"?>
<!-- Generated by org.testng.reporters.JUnitReportReporter -->
<testsuite ignored="0" hostname="LAPTOP-6H9LFFUF" failures="0" tests="2" name="MavProj.SeleniumTest" time="0.000" errors="0" timestamp="30 Jul 2021 12:03:29 GMT" skipped="0">
  <testcase classname="MavProj.SeleniumTest" name="BrowserTest" time="0.000"/>
  <testcase classname="MavProj.SeleniumTest" name="ElementsUI" time="0.000"/>
</testsuite> <!-- MavProj.SeleniumTest -->
